2022-04-30 21:59:47 [INFO] Starting minecraft server version 1.5.2
2022-04-30 21:59:47 [INFO] Loading properties
2022-04-30 21:59:47 [INFO] Default game type: SURVIVAL
2022-04-30 21:59:47 [INFO] Generating keypair
2022-04-30 21:59:47 [INFO] Starting Minecraft server on 127.0.0.1:25569
2022-04-30 21:59:47 [INFO] This server is running CraftBukkit version git-Bukkit-1.5.2-R1.0-b2788jnks (MC: 1.5.2) (Implementing API version 1.5.2-R1.0)
2022-04-30 21:59:47 [WARNING] Failed to load operators list: java.io.FileNotFoundException: .\ops.txt (ÏµÍ³ÕÒ²»µ½Ö¸¶¨µÄÎÄ¼þ¡£)
2022-04-30 21:59:47 [WARNING] Failed to load white-list: java.io.FileNotFoundException: .\white-list.txt (ÏµÍ³ÕÒ²»µ½Ö¸¶¨µÄÎÄ¼þ¡£)
2022-04-30 21:59:47 [WARNING] **** SERVER IS RUNNING IN OFFLINE/INSECURE MODE!
2022-04-30 21:59:47 [WARNING] The server will make no attempt to authenticate usernames. Beware.
2022-04-30 21:59:47 [WARNING] While this makes the game possible to play without internet access, it also opens up the ability for hackers to connect with any username they choose.
2022-04-30 21:59:47 [WARNING] To change this, set "online-mode" to "true" in the server.properties file.
2022-04-30 21:59:47 [INFO] Preparing level "world"
2022-04-30 21:59:48 [INFO] Preparing start region for level 0 (Seed: -4266493825747828892)
2022-04-30 21:59:49 [INFO] Preparing spawn area: 4%
2022-04-30 21:59:50 [INFO] Preparing spawn area: 12%
2022-04-30 21:59:51 [INFO] Preparing spawn area: 16%
2022-04-30 21:59:52 [INFO] Preparing spawn area: 29%
2022-04-30 21:59:53 [INFO] Preparing spawn area: 45%
2022-04-30 21:59:54 [INFO] Preparing spawn area: 70%
2022-04-30 21:59:55 [INFO] Preparing spawn area: 95%
2022-04-30 21:59:55 [INFO] Preparing start region for level 1 (Seed: -4266493825747828892)
2022-04-30 21:59:56 [INFO] Preparing spawn area: 8%
2022-04-30 21:59:57 [INFO] Preparing spawn area: 37%
2022-04-30 21:59:58 [INFO] Preparing spawn area: 62%
2022-04-30 21:59:59 [INFO] Preparing spawn area: 91%
2022-04-30 21:59:59 [INFO] Preparing start region for level 2 (Seed: -4266493825747828892)
2022-04-30 22:00:00 [INFO] Preparing spawn area: 16%
2022-04-30 22:00:01 [INFO] Preparing spawn area: 45%
2022-04-30 22:00:02 [INFO] Preparing spawn area: 87%
2022-04-30 22:00:02 [INFO] Server permissions file permissions.yml is empty, ignoring it
2022-04-30 22:00:02 [INFO] Done (14.752s)! For help, type "help" or "?"
2022-04-30 22:00:13 [INFO] CONSOLE: Stopping the server..[m

2022-04-30 22:00:13 [INFO] Stopping server
2022-04-30 22:00:13 [INFO] Saving players
2022-04-30 22:00:13 [WARNING] DSCT: Socket closed
2022-04-30 22:00:13 [INFO] Saving worlds
2022-04-30 22:00:13 [INFO] Closing listening thread
2022-04-30 22:00:13 [INFO] Saving chunks for level 'world'/Overworld
2022-04-30 22:00:15 [INFO] Saving chunks for level 'world_nether'/Nether
2022-04-30 22:00:15 [INFO] Saving chunks for level 'world_the_end'/The End
